<?xml version="1.0" encoding="UTF-8"?>
<testsuite name="com.tourguide.TripPricerMicroService.TripPricerRestControllerUnitTest" tests="2" skipped="0" failures="0" errors="0" timestamp="2021-12-13T16:05:29" hostname="OBS-Desktop" time="0.021">
  <properties/>
  <testcase name="testGetPrice()" classname="com.tourguide.TripPricerMicroService.TripPricerRestControllerUnitTest" time="0.019"/>
  <testcase name="testGetProviderName()" classname="com.tourguide.TripPricerMicroService.TripPricerRestControllerUnitTest" time="0.001"/>
  <system-out><![CDATA[]]></system-out>
  <system-err><![CDATA[]]></system-err>
</testsuite>
