<?xml version="1.0" encoding="UTF-8"?>
<testsuite name="com.tourguide.TripPricerMicroService.TripPricerIntegrationTest" tests="2" skipped="0" failures="0" errors="0" timestamp="2021-12-13T16:05:29" hostname="OBS-Desktop" time="0.133">
  <properties/>
  <testcase name="testGetPrice()" classname="com.tourguide.TripPricerMicroService.TripPricerIntegrationTest" time="0.125"/>
  <testcase name="testGetProviderName()" classname="com.tourguide.TripPricerMicroService.TripPricerIntegrationTest" time="0.007"/>
  <system-out><![CDATA[17:05:27.244 [Test worker] DEBUG org.springframework.test.context.BootstrapUtils - Instantiating CacheAwareContextLoaderDelegate from class [org.springframework.test.context.cache.DefaultCacheAwareContextLoaderDelegate]
17:05:27.252 [Test worker] DEBUG org.springframework.test.context.BootstrapUtils - Instantiating BootstrapContext using constructor [public org.springframework.test.context.support.DefaultBootstrapContext(java.lang.Class,org.springframework.test.context.CacheAwareContextLoaderDelegate)]
17:05:27.293 [Test worker] DEBUG org.springframework.test.context.BootstrapUtils - Instantiating TestContextBootstrapper for test class [com.tourguide.TripPricerMicroService.TripPricerIntegrationTest] from class [org.springframework.boot.test.context.SpringBootTestContextBootstrapper]
17:05:27.304 [Test worker] INFO org.springframework.boot.test.context.SpringBootTestContextBootstrapper - Neither @ContextConfiguration nor @ContextHierarchy found for test class [com.tourguide.TripPricerMicroService.TripPricerIntegrationTest], using SpringBootContextLoader
17:05:27.309 [Test worker] DEBUG org.springframework.test.context.support.AbstractContextLoader - Did not detect default resource location for test class [com.tourguide.TripPricerMicroService.TripPricerIntegrationTest]: class path resource [com/tourguide/TripPricerMicroService/TripPricerIntegrationTest-context.xml] does not exist
17:05:27.310 [Test worker] DEBUG org.springframework.test.context.support.AbstractContextLoader - Did not detect default resource location for test class [com.tourguide.TripPricerMicroService.TripPricerIntegrationTest]: class path resource [com/tourguide/TripPricerMicroService/TripPricerIntegrationTestContext.groovy] does not exist
17:05:27.310 [Test worker] INFO org.springframework.test.context.support.AbstractContextLoader - Could not detect default resource locations for test class [com.tourguide.TripPricerMicroService.TripPricerIntegrationTest]: no resource found for suffixes {-context.xml, Context.groovy}.
17:05:27.311 [Test worker] INFO org.springframework.test.context.support.AnnotationConfigContextLoaderUtils - Could not detect default configuration classes for test class [com.tourguide.TripPricerMicroService.TripPricerIntegrationTest]: TripPricerIntegrationTest does not declare any static, non-private, non-final, nested classes annotated with @Configuration.
17:05:27.357 [Test worker] DEBUG org.springframework.test.context.support.ActiveProfilesUtils - Could not find an 'annotation declaring class' for annotation type [org.springframework.test.context.ActiveProfiles] and class [com.tourguide.TripPricerMicroService.TripPricerIntegrationTest]
17:05:27.413 [Test worker] DEBUG org.springframework.context.annotation.ClassPathScanningCandidateComponentProvider - Identified candidate component class: file [/home/orionbs/Documents/OpenClassrooms/Projet8_TripMaster/TripPricerMicroService/build/classes/java/main/com/tourguide/TripPricerMicroService/TripPricerMicroServiceApplication.class]
17:05:27.414 [Test worker] INFO org.springframework.boot.test.context.SpringBootTestContextBootstrapper - Found @SpringBootConfiguration com.tourguide.TripPricerMicroService.TripPricerMicroServiceApplication for test class com.tourguide.TripPricerMicroService.TripPricerIntegrationTest
17:05:27.529 [Test worker] DEBUG org.springframework.boot.test.context.SpringBootTestContextBootstrapper - @TestExecutionListeners is not present for class [com.tourguide.TripPricerMicroService.TripPricerIntegrationTest]: using defaults.
17:05:27.529 [Test worker] INFO org.springframework.boot.test.context.SpringBootTestContextBootstrapper - Loaded default TestExecutionListener class names from location [META-INF/spring.factories]: [org.springframework.boot.test.autoconfigure.restdocs.RestDocsTestExecutionListener, org.springframework.boot.test.autoconfigure.web.client.MockRestServiceServerResetTestExecutionListener, org.springframework.boot.test.autoconfigure.web.servlet.MockMvcPrintOnlyOnFailureTestExecutionListener, org.springframework.boot.test.autoconfigure.web.servlet.WebDriverTestExecutionListener, org.springframework.boot.test.autoconfigure.webservices.client.MockWebServiceServerTestExecutionListener, org.springframework.boot.test.mock.mockito.MockitoTestExecutionListener, org.springframework.boot.test.mock.mockito.ResetMocksTestExecutionListener, org.springframework.test.context.web.ServletTestExecutionListener, org.springframework.test.context.support.DirtiesContextBeforeModesTestExecutionListener, org.springframework.test.context.event.ApplicationEventsTestExecutionListener, org.springframework.test.context.support.DependencyInjectionTestExecutionListener, org.springframework.test.context.support.DirtiesContextTestExecutionListener, org.springframework.test.context.transaction.TransactionalTestExecutionListener, org.springframework.test.context.jdbc.SqlScriptsTestExecutionListener, org.springframework.test.context.event.EventPublishingTestExecutionListener]
17:05:27.540 [Test worker] DEBUG org.springframework.boot.test.context.SpringBootTestContextBootstrapper - Skipping candidate TestExecutionListener [org.springframework.test.context.transaction.TransactionalTestExecutionListener] due to a missing dependency. Specify custom listener classes or make the default listener classes and their required dependencies available. Offending class: [org/springframework/transaction/TransactionDefinition]
17:05:27.541 [Test worker] DEBUG org.springframework.boot.test.context.SpringBootTestContextBootstrapper - Skipping candidate TestExecutionListener [org.springframework.test.context.jdbc.SqlScriptsTestExecutionListener] due to a missing dependency. Specify custom listener classes or make the default listener classes and their required dependencies available. Offending class: [org/springframework/transaction/interceptor/TransactionAttribute]
17:05:27.541 [Test worker] INFO org.springframework.boot.test.context.SpringBootTestContextBootstrapper - Using TestExecutionListeners: [org.springframework.test.context.web.ServletTestExecutionListener@a49995f, org.springframework.test.context.support.DirtiesContextBeforeModesTestExecutionListener@2cb95c6c, org.springframework.test.context.event.ApplicationEventsTestExecutionListener@1484cb57, org.springframework.boot.test.mock.mockito.MockitoTestExecutionListener@1e250539, org.springframework.boot.test.autoconfigure.SpringBootDependencyInjectionTestExecutionListener@5860e4c3, org.springframework.test.context.support.DirtiesContextTestExecutionListener@3edc999f, org.springframework.test.context.event.EventPublishingTestExecutionListener@cb03360, org.springframework.boot.test.autoconfigure.restdocs.RestDocsTestExecutionListener@3a8ae302, org.springframework.boot.test.autoconfigure.web.client.MockRestServiceServerResetTestExecutionListener@65134e6c, org.springframework.boot.test.autoconfigure.web.servlet.MockMvcPrintOnlyOnFailureTestExecutionListener@3fd93330, org.springframework.boot.test.autoconfigure.web.servlet.WebDriverTestExecutionListener@32ff3c98, org.springframework.boot.test.autoconfigure.webservices.client.MockWebServiceServerTestExecutionListener@5f804b36, org.springframework.boot.test.mock.mockito.ResetMocksTestExecutionListener@201f0e84]
17:05:27.544 [Test worker] DEBUG org.springframework.test.context.support.AbstractDirtiesContextTestExecutionListener - Before test class: context [DefaultTestContext@6cf47d05 testClass = TripPricerIntegrationTest, testInstance = [null], testMethod = [null], testException = [null], mergedContextConfiguration = [WebMergedContextConfiguration@38f704f4 testClass = TripPricerIntegrationTest, locations = '{}', classes = '{class com.tourguide.TripPricerMicroService.TripPricerMicroServiceApplication}', contextInitializerClasses = '[]', activeProfiles = '{}', propertySourceLocations = '{}', propertySourceProperties = '{org.springframework.boot.test.context.SpringBootTestContextBootstrapper=true}', contextCustomizers = set[org.springframework.boot.test.autoconfigure.actuate.metrics.MetricsExportContextCustomizerFactory$DisableMetricExportContextCustomizer@4a3404fa, org.springframework.boot.test.autoconfigure.properties.PropertyMappingContextCustomizer@4b3fa0b3, org.springframework.boot.test.autoconfigure.web.servlet.WebDriverContextCustomizerFactory$Customizer@7d5cbcc9, [ImportsContextCustomizer@43f4621b key = [org.springframework.boot.test.autoconfigure.web.servlet.MockMvcAutoConfiguration, org.springframework.boot.test.autoconfigure.web.servlet.MockMvcWebClientAutoConfiguration, org.springframework.boot.test.autoconfigure.web.servlet.MockMvcWebDriverAutoConfiguration, org.springframework.boot.autoconfigure.security.oauth2.client.servlet.OAuth2ClientAutoConfiguration, org.springframework.boot.autoconfigure.security.oauth2.resource.servlet.OAuth2ResourceServerAutoConfiguration, org.springframework.boot.autoconfigure.security.servlet.SecurityAutoConfiguration, org.springframework.boot.autoconfigure.security.servlet.SecurityFilterAutoConfiguration, org.springframework.boot.autoconfigure.security.servlet.UserDetailsServiceAutoConfiguration, org.springframework.boot.test.autoconfigure.web.servlet.MockMvcSecurityConfiguration]], org.springframework.boot.test.context.filter.ExcludeFilterContextCustomizer@5b53c3c5, org.springframework.boot.test.json.DuplicateJsonObjectContextCustomizerFactory$DuplicateJsonObjectContextCustomizer@5cff6d1d, org.springframework.boot.test.mock.mockito.MockitoContextCustomizer@0, org.springframework.boot.test.web.client.TestRestTemplateContextCustomizer@623ed5ed, org.springframework.boot.test.context.SpringBootTestArgs@1, org.springframework.boot.test.context.SpringBootTestWebEnvironment@7a7cc52c], resourceBasePath = 'src/main/webapp', contextLoader = 'org.springframework.boot.test.context.SpringBootContextLoader', parent = [null]], attributes = map['org.springframework.test.context.web.ServletTestExecutionListener.activateListener' -> true]], class annotated with @DirtiesContext [false] with mode [null].
17:05:27.570 [Test worker] DEBUG org.springframework.test.context.support.TestPropertySourceUtils - Adding inlined properties to environment: {spring.jmx.enabled=false, org.springframework.boot.test.context.SpringBootTestContextBootstrapper=true}

  .   ____          _            __ _ _
 /\\ / ___'_ __ _ _(_)_ __  __ _ \ \ \ \
( ( )\___ | '_ | '_| | '_ \/ _` | \ \ \ \
 \\/  ___)| |_)| | | | | || (_| |  ) ) ) )
  '  |____| .__|_| |_|_| |_\__, | / / / /
 =========|_|==============|___/=/_/_/_/
 :: Spring Boot ::                (v2.5.6)

2021-12-13 17:05:27.849  INFO 12493 --- [    Test worker] c.t.T.TripPricerIntegrationTest          : Starting TripPricerIntegrationTest using Java 11.0.11 on OBS-Desktop with PID 12493 (started by orionbs in /home/orionbs/Documents/OpenClassrooms/Projet8_TripMaster/TripPricerMicroService)
2021-12-13 17:05:27.852  INFO 12493 --- [    Test worker] c.t.T.TripPricerIntegrationTest          : No active profile set, falling back to default profiles: default
2021-12-13 17:05:29.387  INFO 12493 --- [    Test worker] o.s.b.t.m.w.SpringBootMockServletContext : Initializing Spring TestDispatcherServlet ''
2021-12-13 17:05:29.387  INFO 12493 --- [    Test worker] o.s.t.web.servlet.TestDispatcherServlet  : Initializing Servlet ''
2021-12-13 17:05:29.394  INFO 12493 --- [    Test worker] o.s.b.a.e.web.EndpointLinksResolver      : Exposing 1 endpoint(s) beneath base path '/actuator'
2021-12-13 17:05:29.408  INFO 12493 --- [    Test worker] o.s.t.web.servlet.TestDispatcherServlet  : Completed initialization in 21 ms
2021-12-13 17:05:29.433  INFO 12493 --- [    Test worker] c.t.T.TripPricerIntegrationTest          : Started TripPricerIntegrationTest in 1.856 seconds (JVM running for 3.406)
2021-12-13 17:05:29.537  INFO 12493 --- [    Test worker] c.t.T.s.impl.TripPricerServiceImpl       : Call
2021-12-13 17:05:29.537  INFO 12493 --- [    Test worker] c.t.T.s.impl.TripPricerServiceImpl       : Answer [tripPricer.Provider@e184574, tripPricer.Provider@1ebb3621, tripPricer.Provider@33f42a31, tripPricer.Provider@6d27e8ae, tripPricer.Provider@2158339b]

MockHttpServletRequest:
      HTTP Method = GET
      Request URI = /getPrice
       Parameters = {apiKey=[apiKey], attractionId=[6b9f0b4b-81ed-471a-bc62-6b5d9b7cdc10], adults=[2], children=[2], nightsStay=[12], rewardsPoints=[0]}
          Headers = []
             Body = null
    Session Attrs = {}

Handler:
             Type = com.tourguide.TripPricerMicroService.restController.TripPricerRestController
           Method = com.tourguide.TripPricerMicroService.restController.TripPricerRestController#getPrice(String, UUID, int, int, int, int)

Async:
    Async started = false
     Async result = null

Resolved Exception:
             Type = null

ModelAndView:
        View name = null
             View = null
            Model = null

FlashMap:
       Attributes = null

MockHttpServletResponse:
           Status = 200
    Error message = null
          Headers = [Content-Type:"application/json"]
     Content type = application/json
             Body = [{"name":"United Partners Vacations","price":274.99,"tripId":"6b9f0b4b-81ed-471a-bc62-6b5d9b7cdc10"},{"name":"Enterprize Ventures Limited","price":904.99,"tripId":"6b9f0b4b-81ed-471a-bc62-6b5d9b7cdc10"},{"name":"Dream Trips","price":1262.99,"tripId":"6b9f0b4b-81ed-471a-bc62-6b5d9b7cdc10"},{"name":"Sunny Days","price":674.99,"tripId":"6b9f0b4b-81ed-471a-bc62-6b5d9b7cdc10"},{"name":"AdventureCo","price":804.99,"tripId":"6b9f0b4b-81ed-471a-bc62-6b5d9b7cdc10"}]
    Forwarded URL = null
   Redirected URL = null
          Cookies = []
2021-12-13 17:05:29.602  INFO 12493 --- [    Test worker] c.t.T.s.impl.TripPricerServiceImpl       : Call

MockHttpServletRequest:
      HTTP Method = GET
      Request URI = /getProviderName
       Parameters = {apiKey=[apiKey], adults=[2]}
          Headers = []
             Body = null
    Session Attrs = {}

Handler:
             Type = com.tourguide.TripPricerMicroService.restController.TripPricerRestController
           Method = com.tourguide.TripPricerMicroService.restController.TripPricerRestController#getProviderName(String, int)

Async:
    Async started = false
     Async result = null

Resolved Exception:
             Type = null

ModelAndView:
        View name = null
             View = null
            Model = null

FlashMap:
       Attributes = null

MockHttpServletResponse:
           Status = 200
    Error message = null
          Headers = [Content-Type:"text/plain;charset=UTF-8", Content-Length:"15"]
     Content type = text/plain;charset=UTF-8
             Body = Holiday Travels
    Forwarded URL = null
   Redirected URL = null
          Cookies = []
]]></system-out>
  <system-err><![CDATA[]]></system-err>
</testsuite>
